<?xml version="1.0" encoding="UTF-8"?>
<!-- Generated by org.testng.reporters.JUnitXMLReporter -->
<testsuite ignored="0" hostname="LTIN274102" failures="1" tests="13" name="ChromeTest" time="310.685" errors="0" timestamp="2024-02-12T21:09:19 IST">
  <testcase classname="TestCases.TestCaseTimeSheet" name="userVerification" time="19.649"/>
  <testcase classname="TestCases.TestCaseTimeSheet" name="onecognizant" time="20.537"/>
  <testcase classname="TestCases.TestCaseTimeSheet" name="oneCognizantFunctions" time="6.373"/>
  <testcase classname="TestCases.TestCaseTimeSheet" name="timeSheetNavigation" time="4.36"/>
  <testcase classname="TestCases.TestCaseTimeSheet" name="threeweek" time="5.033"/>
  <testcase classname="TestCases.TestCaseTimeSheet" name="currentdate" time="5.414">
    <failure type="java.lang.NullPointerException" message="Cannot load from object array because &amp;quot;this.resultDate&amp;quot; is null">
      <![CDATA[java.lang.NullPointerException: Cannot load from object array because "this.resultDate" is null
at PageObjects.timeSheet.dateValidationTimesheet(timeSheet.java:131)
at TestCases.TestCaseTimeSheet.currentdate(TestCaseTimeSheet.java:106)
at java.base/java.util.ArrayList.forEach(ArrayList.java:1511)
... Removed 27 stack frames]]>
    </failure>
  </testcase> <!-- currentdate -->
  <testcase classname="TestCases.TestCaseTimeSheet" name="apr" time="41.804"/>
  <testcase classname="TestCases.TestCaseTimeSheet" name="overDue" time="14.488"/>
  <testcase classname="TestCases.TestCaseTimeSheet" name="partially_aprv" time="14.496"/>
  <testcase classname="TestCases.TestCaseTimeSheet" name="pending" time="18.277"/>
  <testcase classname="TestCases.TestCaseTimeSheet" name="saved" time="14.565"/>
  <testcase classname="TestCases.TestCaseTimeSheet" name="sendback" time="14.443"/>
  <testcase classname="TestCases.TestCaseTimeSheet" name="submit" time="11.371"/>
</testsuite> <!-- ChromeTest -->
