<?xml version="1.0" encoding="UTF-8"?>
<!-- Generated by org.testng.reporters.JUnitXMLReporter -->
<testsuite ignored="0" hostname="LTIN274102" failures="1" tests="13" name="EdgeTest" time="248.429" errors="0" timestamp="2024-02-12T21:13:33 IST">
  <testcase classname="TestCases.TestCaseTimeSheet" name="userVerification" time="13.472"/>
  <testcase classname="TestCases.TestCaseTimeSheet" name="onecognizant" time="20.257"/>
  <testcase classname="TestCases.TestCaseTimeSheet" name="oneCognizantFunctions" time="7.152"/>
  <testcase classname="TestCases.TestCaseTimeSheet" name="timeSheetNavigation" time="4.687"/>
  <testcase classname="TestCases.TestCaseTimeSheet" name="threeweek" time="2.824"/>
  <testcase classname="TestCases.TestCaseTimeSheet" name="currentdate" time="6.096">
    <failure type="java.lang.NullPointerException" message="Cannot load from object array because &amp;quot;this.resultDate&amp;quot; is null">
      <![CDATA[java.lang.NullPointerException: Cannot load from object array because "this.resultDate" is null
at PageObjects.timeSheet.dateValidationTimesheet(timeSheet.java:131)
at TestCases.TestCaseTimeSheet.currentdate(TestCaseTimeSheet.java:106)
at java.base/java.util.ArrayList.forEach(ArrayList.java:1511)
... Removed 27 stack frames]]>
    </failure>
  </testcase> <!-- currentdate -->
  <testcase classname="TestCases.TestCaseTimeSheet" name="apr" time="49.658"/>
  <testcase classname="TestCases.TestCaseTimeSheet" name="overDue" time="15.074"/>
  <testcase classname="TestCases.TestCaseTimeSheet" name="partially_aprv" time="14.887"/>
  <testcase classname="TestCases.TestCaseTimeSheet" name="pending" time="16.266"/>
  <testcase classname="TestCases.TestCaseTimeSheet" name="saved" time="14.421"/>
  <testcase classname="TestCases.TestCaseTimeSheet" name="sendback" time="14.283"/>
  <testcase classname="TestCases.TestCaseTimeSheet" name="submit" time="11.237"/>
</testsuite> <!-- EdgeTest -->
